<?xml version="1.0" encoding="UTF-8"?>
<testng-results ignored="0" total="1" passed="1" failed="0" skipped="0">
  <reporter-output>
  </reporter-output>
  <suite started-at="2025-03-06T10:38:41 IST" name="Suite" finished-at="2025-03-06T10:39:01 IST" duration-ms="20537">
    <groups>
    </groups>
    <test started-at="2025-03-06T10:38:41 IST" name="Test" finished-at="2025-03-06T10:39:01 IST" duration-ms="20537">
      <class name="com.Testcases.LoginTest">
        <test-method is-config="true" signature="setup(java.lang.String,java.lang.String)[pri:0, instance:com.Testcases.LoginTest@1852a3ff]" started-at="2025-03-06T10:38:41 IST" name="setup" finished-at="2025-03-06T10:38:47 IST" duration-ms="6006" status="PASS">
          <params>
            <param index="0">
              <value>
                <![CDATA[windows]]>
              </value>
            </param>
            <param index="1">
              <value>
                <![CDATA[chrome]]>
              </value>
            </param>
          </params>
          <reporter-output>
          </reporter-output>
        </test-method> <!-- setup -->
        <test-method signature="logintest()[pri:0, instance:com.Testcases.LoginTest@1852a3ff]" started-at="2025-03-06T10:38:47 IST" name="logintest" finished-at="2025-03-06T10:39:00 IST" duration-ms="12986" status="PASS">
          <reporter-output>
          </reporter-output>
        </test-method> <!-- logintest -->
        <test-method is-config="true" signature="teardown()[pri:0, instance:com.Testcases.LoginTest@1852a3ff]" started-at="2025-03-06T10:39:00 IST" name="teardown" finished-at="2025-03-06T10:39:01 IST" duration-ms="993" status="PASS">
          <reporter-output>
          </reporter-output>
        </test-method> <!-- teardown -->
      </class> <!-- com.Testcases.LoginTest -->
    </test> <!-- Test -->
  </suite> <!-- Suite -->
</testng-results>
